2025-01-09 14:07:55,352 - INFO - FeatureEngineer initialized.
2025-01-09 14:07:55,383 - INFO - Data loaded successfully with shape: (7000, 25)
2025-01-09 14:07:55,385 - INFO - Dropped columns: ['userid', 'endpointparameter']
2025-01-09 14:07:55,385 - INFO - Columns after dropping unnecessary columns: ['hour', 'dayofweek', 'month', 'day', 'weekofyear', 'is_authorized_subnet', 'accesscount', 'uniqueendpoints', 'role_Doctor', 'role_Nurse', 'role_Staff', 'http_method_GET', 'http_method_HEAD', 'http_method_OPTIONS', 'http_method_PATCH', 'http_method_POST', 'http_method_PUT', 'baseendpoint_/admin/settings', 'baseendpoint_/billing/invoices', 'baseendpoint_/inventory/items', 'baseendpoint_/patient/records', 'anomalous', 'logid']
2025-01-09 14:07:55,459 - INFO - Created interaction features 'access_per_unique_endpoint' and 'access_per_hour'
2025-01-09 14:07:55,459 - INFO - Columns after creating interaction features: ['hour', 'dayofweek', 'month', 'day', 'weekofyear', 'is_authorized_subnet', 'accesscount', 'uniqueendpoints', 'role_Doctor', 'role_Nurse', 'role_Staff', 'http_method_GET', 'http_method_HEAD', 'http_method_OPTIONS', 'http_method_PATCH', 'http_method_POST', 'http_method_PUT', 'baseendpoint_/admin/settings', 'baseendpoint_/billing/invoices', 'baseendpoint_/inventory/items', 'baseendpoint_/patient/records', 'anomalous', 'logid', 'access_per_unique_endpoint', 'access_per_hour']
2025-01-09 14:07:55,464 - INFO - Created time-based features 'is_peak_hour' and 'is_weekend'
2025-01-09 14:07:55,464 - INFO - Columns after creating time-based features: ['hour', 'dayofweek', 'month', 'day', 'weekofyear', 'is_authorized_subnet', 'accesscount', 'uniqueendpoints', 'role_Doctor', 'role_Nurse', 'role_Staff', 'http_method_GET', 'http_method_HEAD', 'http_method_OPTIONS', 'http_method_PATCH', 'http_method_POST', 'http_method_PUT', 'baseendpoint_/admin/settings', 'baseendpoint_/billing/invoices', 'baseendpoint_/inventory/items', 'baseendpoint_/patient/records', 'anomalous', 'logid', 'access_per_unique_endpoint', 'access_per_hour', 'is_peak_hour', 'is_weekend']
2025-01-09 14:07:55,465 - ERROR - Error in creating additional features: 'baseendpoint'
2025-01-09 14:07:55,465 - ERROR - Feature engineering failed: 'baseendpoint'
2025-01-09 14:12:22,849 - INFO - FeatureEngineer initialized.
2025-01-09 14:12:22,880 - INFO - Data loaded successfully with shape: (7000, 25)
2025-01-09 14:12:22,880 - ERROR - Data validation failed: "Required column 'role' is missing from the data."
2025-01-09 14:12:22,880 - ERROR - Feature engineering failed: "Required column 'role' is missing from the data."
2025-01-09 14:14:53,174 - INFO - FeatureEngineer initialized.
2025-01-09 14:14:53,198 - INFO - Data loaded successfully with shape: (7000, 25)
2025-01-09 14:14:53,199 - INFO - Data validation passed.
2025-01-09 14:14:53,200 - INFO - Dropped columns: ['userid', 'endpointparameter']
2025-01-09 14:14:53,200 - INFO - Columns after dropping unnecessary columns: ['hour', 'dayofweek', 'month', 'day', 'weekofyear', 'is_authorized_subnet', 'accesscount', 'uniqueendpoints', 'role_Doctor', 'role_Nurse', 'role_Staff', 'http_method_GET', 'http_method_HEAD', 'http_method_OPTIONS', 'http_method_PATCH', 'http_method_POST', 'http_method_PUT', 'baseendpoint_/admin/settings', 'baseendpoint_/billing/invoices', 'baseendpoint_/inventory/items', 'baseendpoint_/patient/records', 'anomalous', 'logid']
2025-01-09 14:14:53,278 - INFO - Created interaction features 'access_per_unique_endpoint' and 'access_per_hour'
2025-01-09 14:14:53,278 - INFO - Columns after creating interaction features: ['hour', 'dayofweek', 'month', 'day', 'weekofyear', 'is_authorized_subnet', 'accesscount', 'uniqueendpoints', 'role_Doctor', 'role_Nurse', 'role_Staff', 'http_method_GET', 'http_method_HEAD', 'http_method_OPTIONS', 'http_method_PATCH', 'http_method_POST', 'http_method_PUT', 'baseendpoint_/admin/settings', 'baseendpoint_/billing/invoices', 'baseendpoint_/inventory/items', 'baseendpoint_/patient/records', 'anomalous', 'logid', 'access_per_unique_endpoint', 'access_per_hour']
2025-01-09 14:14:53,283 - INFO - Created time-based features 'is_peak_hour' and 'is_weekend'
2025-01-09 14:14:53,283 - INFO - Columns after creating time-based features: ['hour', 'dayofweek', 'month', 'day', 'weekofyear', 'is_authorized_subnet', 'accesscount', 'uniqueendpoints', 'role_Doctor', 'role_Nurse', 'role_Staff', 'http_method_GET', 'http_method_HEAD', 'http_method_OPTIONS', 'http_method_PATCH', 'http_method_POST', 'http_method_PUT', 'baseendpoint_/admin/settings', 'baseendpoint_/billing/invoices', 'baseendpoint_/inventory/items', 'baseendpoint_/patient/records', 'anomalous', 'logid', 'access_per_unique_endpoint', 'access_per_hour', 'is_peak_hour', 'is_weekend']
2025-01-09 14:14:53,352 - INFO - Created additional features 'average_access_per_user' and 'endpoint_popularity'
2025-01-09 14:14:53,352 - INFO - Columns after creating additional features: ['hour', 'dayofweek', 'month', 'day', 'weekofyear', 'is_authorized_subnet', 'accesscount', 'uniqueendpoints', 'role_Doctor', 'role_Nurse', 'role_Staff', 'http_method_GET', 'http_method_HEAD', 'http_method_OPTIONS', 'http_method_PATCH', 'http_method_POST', 'http_method_PUT', 'baseendpoint_/admin/settings', 'baseendpoint_/billing/invoices', 'baseendpoint_/inventory/items', 'baseendpoint_/patient/records', 'anomalous', 'logid', 'access_per_unique_endpoint', 'access_per_hour', 'is_peak_hour', 'is_weekend', 'average_access_per_user', 'endpoint_popularity']
2025-01-09 14:14:53,352 - INFO - No encoding required for interaction features
2025-01-09 14:14:53,355 - INFO - Scaled engineered numerical features 'access_per_unique_endpoint' and 'access_per_hour'
2025-01-09 14:14:53,355 - INFO - Columns after scaling engineered features: ['hour', 'dayofweek', 'month', 'day', 'weekofyear', 'is_authorized_subnet', 'accesscount', 'uniqueendpoints', 'role_Doctor', 'role_Nurse', 'role_Staff', 'http_method_GET', 'http_method_HEAD', 'http_method_OPTIONS', 'http_method_PATCH', 'http_method_POST', 'http_method_PUT', 'baseendpoint_/admin/settings', 'baseendpoint_/billing/invoices', 'baseendpoint_/inventory/items', 'baseendpoint_/patient/records', 'anomalous', 'logid', 'access_per_unique_endpoint', 'access_per_hour', 'is_peak_hour', 'is_weekend', 'average_access_per_user', 'endpoint_popularity']
2025-01-09 14:14:53,357 - INFO - Prepared final features with labels for training.
2025-01-09 14:14:53,357 - INFO - Columns after preparing final features: ['hour', 'dayofweek', 'month', 'day', 'weekofyear', 'is_authorized_subnet', 'accesscount', 'uniqueendpoints', 'role_Doctor', 'role_Nurse', 'role_Staff', 'http_method_GET', 'http_method_HEAD', 'http_method_OPTIONS', 'http_method_PATCH', 'http_method_POST', 'http_method_PUT', 'baseendpoint_/admin/settings', 'baseendpoint_/billing/invoices', 'baseendpoint_/inventory/items', 'baseendpoint_/patient/records', 'anomalous', 'logid', 'access_per_unique_endpoint', 'access_per_hour', 'is_peak_hour', 'is_weekend', 'average_access_per_user', 'endpoint_popularity']
2025-01-09 14:14:53,365 - INFO - Optimized data types for memory efficiency.
2025-01-09 14:14:53,366 - INFO - Columns after optimizing data types: ['hour', 'dayofweek', 'month', 'day', 'weekofyear', 'is_authorized_subnet', 'accesscount', 'uniqueendpoints', 'role_Doctor', 'role_Nurse', 'role_Staff', 'http_method_GET', 'http_method_HEAD', 'http_method_OPTIONS', 'http_method_PATCH', 'http_method_POST', 'http_method_PUT', 'baseendpoint_/admin/settings', 'baseendpoint_/billing/invoices', 'baseendpoint_/inventory/items', 'baseendpoint_/patient/records', 'anomalous', 'logid', 'access_per_unique_endpoint', 'access_per_hour', 'is_peak_hour', 'is_weekend', 'average_access_per_user', 'endpoint_popularity']
2025-01-09 14:14:53,366 - INFO - Feature engineering completed successfully.
2025-01-09 14:14:53,369 - INFO - Retrieved engineered features and labels.
2025-01-09 14:14:53,506 - INFO - Engineered data saved successfully at 'data/engineered_features_final.csv'.
2025-01-09 14:14:53,507 - INFO - Scaler saved successfully at 'data/feature_scaler.joblib'.
