2025-01-09 14:35:38,188 - INFO - GradientBoostingEnhancedTrainer initialized.
2025-01-09 14:35:38,223 - INFO - Data loaded successfully with shape: (7000, 44)
2025-01-09 14:35:38,223 - INFO - Columns after loading data: ['hour', 'dayofweek', 'month', 'day', 'weekofyear', 'is_authorized_subnet', 'accesscount', 'uniqueendpoints', 'role_Doctor', 'role_Nurse', 'role_Staff', 'http_method_GET', 'http_method_HEAD', 'http_method_OPTIONS', 'http_method_PATCH', 'http_method_POST', 'http_method_PUT', 'baseendpoint_/admin/settings', 'baseendpoint_/billing/invoices', 'baseendpoint_/inventory/items', 'baseendpoint_/patient/records', 'anomalous', 'logid', 'access_per_unique_endpoint', 'access_per_hour', 'is_peak_hour', 'is_weekend', 'average_access_per_user', 'endpoint_popularity', 'role_Doctor_non_peak_1', 'role_Nurse_non_peak_1', 'role_Staff_non_peak_1', 'http_method_GET_freq_settings', 'http_method_GET_freq_invoices', 'http_method_GET_freq_items', 'http_method_GET_freq_records', 'http_method_POST_freq_settings', 'http_method_POST_freq_invoices', 'http_method_POST_freq_items', 'http_method_POST_freq_records', 'http_method_PUT_freq_settings', 'http_method_PUT_freq_invoices', 'http_method_PUT_freq_items', 'http_method_PUT_freq_records']
2025-01-09 14:35:38,224 - INFO - Data validation passed.
2025-01-09 14:35:38,224 - INFO - Prepared feature matrix X and target vector y.
2025-01-09 14:35:38,225 - INFO - Columns after preparing features: ['hour', 'dayofweek', 'month', 'day', 'weekofyear', 'is_authorized_subnet', 'accesscount', 'uniqueendpoints', 'role_Doctor', 'role_Nurse', 'role_Staff', 'http_method_GET', 'http_method_HEAD', 'http_method_OPTIONS', 'http_method_PATCH', 'http_method_POST', 'http_method_PUT', 'baseendpoint_/admin/settings', 'baseendpoint_/billing/invoices', 'baseendpoint_/inventory/items', 'baseendpoint_/patient/records', 'access_per_unique_endpoint', 'access_per_hour', 'is_peak_hour', 'is_weekend', 'average_access_per_user', 'endpoint_popularity', 'role_Doctor_non_peak_1', 'role_Nurse_non_peak_1', 'role_Staff_non_peak_1', 'http_method_GET_freq_settings', 'http_method_GET_freq_invoices', 'http_method_GET_freq_items', 'http_method_GET_freq_records', 'http_method_POST_freq_settings', 'http_method_POST_freq_invoices', 'http_method_POST_freq_items', 'http_method_POST_freq_records', 'http_method_PUT_freq_settings', 'http_method_PUT_freq_invoices', 'http_method_PUT_freq_items', 'http_method_PUT_freq_records']
2025-01-09 14:35:38,229 - INFO - Data split into train and test sets with test size 0.2.
2025-01-09 14:35:38,279 - INFO - Applied SMOTE to balance the training data.
2025-01-09 14:35:38,577 - INFO - Using categorical units to plot a list of strings that are all parsable as floats or dates. If these strings should be plotted as numbers, cast to the appropriate data type before plotting.
2025-01-09 14:35:38,583 - INFO - Using categorical units to plot a list of strings that are all parsable as floats or dates. If these strings should be plotted as numbers, cast to the appropriate data type before plotting.
2025-01-09 14:35:38,699 - INFO - SMOTE distribution plot saved at 'models/gradient_boosting_smote_distribution.png'.
2025-01-09 15:12:59,740 - INFO - GradientBoostingEnhancedTrainer initialized.
2025-01-09 15:12:59,772 - INFO - Data loaded successfully with shape: (7000, 44)
2025-01-09 15:12:59,772 - INFO - Columns after loading data: ['hour', 'dayofweek', 'month', 'day', 'weekofyear', 'is_authorized_subnet', 'accesscount', 'uniqueendpoints', 'role_Doctor', 'role_Nurse', 'role_Staff', 'http_method_GET', 'http_method_HEAD', 'http_method_OPTIONS', 'http_method_PATCH', 'http_method_POST', 'http_method_PUT', 'baseendpoint_/admin/settings', 'baseendpoint_/billing/invoices', 'baseendpoint_/inventory/items', 'baseendpoint_/patient/records', 'anomalous', 'logid', 'access_per_unique_endpoint', 'access_per_hour', 'is_peak_hour', 'is_weekend', 'average_access_per_user', 'endpoint_popularity', 'role_Doctor_non_peak_1', 'role_Nurse_non_peak_1', 'role_Staff_non_peak_1', 'http_method_GET_freq_settings', 'http_method_GET_freq_invoices', 'http_method_GET_freq_items', 'http_method_GET_freq_records', 'http_method_POST_freq_settings', 'http_method_POST_freq_invoices', 'http_method_POST_freq_items', 'http_method_POST_freq_records', 'http_method_PUT_freq_settings', 'http_method_PUT_freq_invoices', 'http_method_PUT_freq_items', 'http_method_PUT_freq_records']
2025-01-09 15:12:59,772 - INFO - Data validation passed.
2025-01-09 15:12:59,774 - INFO - Prepared feature matrix X and target vector y.
2025-01-09 15:12:59,774 - INFO - Columns after preparing features: ['hour', 'dayofweek', 'month', 'day', 'weekofyear', 'is_authorized_subnet', 'accesscount', 'uniqueendpoints', 'role_Doctor', 'role_Nurse', 'role_Staff', 'http_method_GET', 'http_method_HEAD', 'http_method_OPTIONS', 'http_method_PATCH', 'http_method_POST', 'http_method_PUT', 'baseendpoint_/admin/settings', 'baseendpoint_/billing/invoices', 'baseendpoint_/inventory/items', 'baseendpoint_/patient/records', 'access_per_unique_endpoint', 'access_per_hour', 'is_peak_hour', 'is_weekend', 'average_access_per_user', 'endpoint_popularity', 'role_Doctor_non_peak_1', 'role_Nurse_non_peak_1', 'role_Staff_non_peak_1', 'http_method_GET_freq_settings', 'http_method_GET_freq_invoices', 'http_method_GET_freq_items', 'http_method_GET_freq_records', 'http_method_POST_freq_settings', 'http_method_POST_freq_invoices', 'http_method_POST_freq_items', 'http_method_POST_freq_records', 'http_method_PUT_freq_settings', 'http_method_PUT_freq_invoices', 'http_method_PUT_freq_items', 'http_method_PUT_freq_records']
2025-01-09 15:12:59,780 - INFO - Data split into train and test sets with test size 0.2.
2025-01-09 15:12:59,832 - INFO - Applied SMOTE to balance the training data.
2025-01-09 15:13:00,144 - INFO - Using categorical units to plot a list of strings that are all parsable as floats or dates. If these strings should be plotted as numbers, cast to the appropriate data type before plotting.
2025-01-09 15:13:00,150 - INFO - Using categorical units to plot a list of strings that are all parsable as floats or dates. If these strings should be plotted as numbers, cast to the appropriate data type before plotting.
2025-01-09 15:13:00,226 - INFO - SMOTE distribution plot saved at 'models/gradient_boosting_smote_distribution.png'.
2025-01-09 15:14:32,218 - INFO - GradientBoostingEnhancedTrainer initialized.
2025-01-09 15:14:32,245 - INFO - Data loaded successfully with shape: (7000, 44)
2025-01-09 15:14:32,245 - INFO - Columns after loading data: ['hour', 'dayofweek', 'month', 'day', 'weekofyear', 'is_authorized_subnet', 'accesscount', 'uniqueendpoints', 'role_Doctor', 'role_Nurse', 'role_Staff', 'http_method_GET', 'http_method_HEAD', 'http_method_OPTIONS', 'http_method_PATCH', 'http_method_POST', 'http_method_PUT', 'baseendpoint_/admin/settings', 'baseendpoint_/billing/invoices', 'baseendpoint_/inventory/items', 'baseendpoint_/patient/records', 'anomalous', 'logid', 'access_per_unique_endpoint', 'access_per_hour', 'is_peak_hour', 'is_weekend', 'average_access_per_user', 'endpoint_popularity', 'role_Doctor_non_peak_1', 'role_Nurse_non_peak_1', 'role_Staff_non_peak_1', 'http_method_GET_freq_settings', 'http_method_GET_freq_invoices', 'http_method_GET_freq_items', 'http_method_GET_freq_records', 'http_method_POST_freq_settings', 'http_method_POST_freq_invoices', 'http_method_POST_freq_items', 'http_method_POST_freq_records', 'http_method_PUT_freq_settings', 'http_method_PUT_freq_invoices', 'http_method_PUT_freq_items', 'http_method_PUT_freq_records']
2025-01-09 15:14:32,245 - INFO - Data validation passed.
2025-01-09 15:14:32,246 - INFO - Prepared feature matrix X and target vector y.
2025-01-09 15:14:32,246 - INFO - Columns after preparing features: ['hour', 'dayofweek', 'month', 'day', 'weekofyear', 'is_authorized_subnet', 'accesscount', 'uniqueendpoints', 'role_Doctor', 'role_Nurse', 'role_Staff', 'http_method_GET', 'http_method_HEAD', 'http_method_OPTIONS', 'http_method_PATCH', 'http_method_POST', 'http_method_PUT', 'baseendpoint_/admin/settings', 'baseendpoint_/billing/invoices', 'baseendpoint_/inventory/items', 'baseendpoint_/patient/records', 'access_per_unique_endpoint', 'access_per_hour', 'is_peak_hour', 'is_weekend', 'average_access_per_user', 'endpoint_popularity', 'role_Doctor_non_peak_1', 'role_Nurse_non_peak_1', 'role_Staff_non_peak_1', 'http_method_GET_freq_settings', 'http_method_GET_freq_invoices', 'http_method_GET_freq_items', 'http_method_GET_freq_records', 'http_method_POST_freq_settings', 'http_method_POST_freq_invoices', 'http_method_POST_freq_items', 'http_method_POST_freq_records', 'http_method_PUT_freq_settings', 'http_method_PUT_freq_invoices', 'http_method_PUT_freq_items', 'http_method_PUT_freq_records']
2025-01-09 15:14:32,251 - INFO - Data split into train and test sets with test size 0.2.
2025-01-09 15:14:32,284 - INFO - Applied SMOTE to balance the training data.
2025-01-09 15:14:32,554 - INFO - Using categorical units to plot a list of strings that are all parsable as floats or dates. If these strings should be plotted as numbers, cast to the appropriate data type before plotting.
2025-01-09 15:14:32,559 - INFO - Using categorical units to plot a list of strings that are all parsable as floats or dates. If these strings should be plotted as numbers, cast to the appropriate data type before plotting.
2025-01-09 15:14:32,630 - INFO - SMOTE distribution plot saved at 'models/gradient_boosting_smote_distribution.png'.
2025-01-09 15:19:46,508 - INFO - Gradient Boosting best parameters: {'learning_rate': np.float64(0.06056626441144752), 'max_depth': 3, 'min_samples_leaf': 4, 'min_samples_split': 8, 'n_estimators': 437, 'subsample': np.float64(0.918855052953664)}
2025-01-09 15:19:46,508 - INFO - Gradient Boosting model trained via hyperparameter tuning.
2025-01-09 15:19:46,562 - INFO - Accuracy: 0.9614
2025-01-09 15:19:46,563 - INFO - Precision: 1.0000
2025-01-09 15:19:46,563 - INFO - Recall: 0.8650
2025-01-09 15:19:46,563 - INFO - F1-Score: 0.9276
2025-01-09 15:19:46,563 - INFO - ROC-AUC: 0.9813
2025-01-09 15:19:46,563 - INFO - Confusion Matrix:
[[1000    0]
 [  54  346]]
2025-01-09 15:19:46,563 - INFO - Classification Report:
              precision    recall  f1-score   support

           0       0.95      1.00      0.97      1000
           1       1.00      0.86      0.93       400

    accuracy                           0.96      1400
   macro avg       0.97      0.93      0.95      1400
weighted avg       0.96      0.96      0.96      1400

2025-01-09 15:19:46,758 - INFO - Confusion matrix plot saved at 'models/gradient_boosting_confusion_matrix.png'.
2025-01-09 15:19:46,945 - INFO - Precision-Recall curve plot saved at 'models/gradient_boosting_precision_recall_curve.png'.
2025-01-09 15:19:46,965 - ERROR - Error in adjusting threshold: index 1394 is out of bounds for axis 0 with size 1394
2025-01-09 15:19:46,965 - ERROR - Training pipeline failed: index 1394 is out of bounds for axis 0 with size 1394
2025-01-09 15:25:36,713 - INFO - GradientBoostingEnhancedTrainer initialized.
2025-01-09 15:25:36,743 - INFO - Data loaded successfully with shape: (7000, 44)
2025-01-09 15:25:36,743 - INFO - Columns after loading data: ['hour', 'dayofweek', 'month', 'day', 'weekofyear', 'is_authorized_subnet', 'accesscount', 'uniqueendpoints', 'role_Doctor', 'role_Nurse', 'role_Staff', 'http_method_GET', 'http_method_HEAD', 'http_method_OPTIONS', 'http_method_PATCH', 'http_method_POST', 'http_method_PUT', 'baseendpoint_/admin/settings', 'baseendpoint_/billing/invoices', 'baseendpoint_/inventory/items', 'baseendpoint_/patient/records', 'anomalous', 'logid', 'access_per_unique_endpoint', 'access_per_hour', 'is_peak_hour', 'is_weekend', 'average_access_per_user', 'endpoint_popularity', 'role_Doctor_non_peak_1', 'role_Nurse_non_peak_1', 'role_Staff_non_peak_1', 'http_method_GET_freq_settings', 'http_method_GET_freq_invoices', 'http_method_GET_freq_items', 'http_method_GET_freq_records', 'http_method_POST_freq_settings', 'http_method_POST_freq_invoices', 'http_method_POST_freq_items', 'http_method_POST_freq_records', 'http_method_PUT_freq_settings', 'http_method_PUT_freq_invoices', 'http_method_PUT_freq_items', 'http_method_PUT_freq_records']
2025-01-09 15:25:36,743 - INFO - Data validation passed.
2025-01-09 15:25:36,744 - INFO - Prepared feature matrix X and target vector y.
2025-01-09 15:25:36,744 - INFO - Columns after preparing features: ['hour', 'dayofweek', 'month', 'day', 'weekofyear', 'is_authorized_subnet', 'accesscount', 'uniqueendpoints', 'role_Doctor', 'role_Nurse', 'role_Staff', 'http_method_GET', 'http_method_HEAD', 'http_method_OPTIONS', 'http_method_PATCH', 'http_method_POST', 'http_method_PUT', 'baseendpoint_/admin/settings', 'baseendpoint_/billing/invoices', 'baseendpoint_/inventory/items', 'baseendpoint_/patient/records', 'access_per_unique_endpoint', 'access_per_hour', 'is_peak_hour', 'is_weekend', 'average_access_per_user', 'endpoint_popularity', 'role_Doctor_non_peak_1', 'role_Nurse_non_peak_1', 'role_Staff_non_peak_1', 'http_method_GET_freq_settings', 'http_method_GET_freq_invoices', 'http_method_GET_freq_items', 'http_method_GET_freq_records', 'http_method_POST_freq_settings', 'http_method_POST_freq_invoices', 'http_method_POST_freq_items', 'http_method_POST_freq_records', 'http_method_PUT_freq_settings', 'http_method_PUT_freq_invoices', 'http_method_PUT_freq_items', 'http_method_PUT_freq_records']
2025-01-09 15:25:36,749 - INFO - Data split into train and test sets with test size 0.2.
2025-01-09 15:25:36,798 - INFO - Applied SMOTE to balance the training data.
2025-01-09 15:25:37,099 - INFO - Using categorical units to plot a list of strings that are all parsable as floats or dates. If these strings should be plotted as numbers, cast to the appropriate data type before plotting.
2025-01-09 15:25:37,108 - INFO - Using categorical units to plot a list of strings that are all parsable as floats or dates. If these strings should be plotted as numbers, cast to the appropriate data type before plotting.
2025-01-09 15:25:37,230 - INFO - SMOTE distribution plot saved at 'models/gradient_boosting_smote_distribution.png'.
2025-01-09 15:31:15,581 - INFO - Gradient Boosting best parameters: {'learning_rate': np.float64(0.06056626441144752), 'max_depth': 3, 'min_samples_leaf': 4, 'min_samples_split': 8, 'n_estimators': 437, 'subsample': np.float64(0.918855052953664)}
2025-01-09 15:31:15,581 - INFO - Gradient Boosting model trained via hyperparameter tuning.
2025-01-09 15:31:15,635 - INFO - Accuracy: 0.9614
2025-01-09 15:31:15,635 - INFO - Precision: 1.0000
2025-01-09 15:31:15,635 - INFO - Recall: 0.8650
2025-01-09 15:31:15,635 - INFO - F1-Score: 0.9276
2025-01-09 15:31:15,635 - INFO - ROC-AUC: 0.9813
2025-01-09 15:31:15,635 - INFO - Confusion Matrix:
[[1000    0]
 [  54  346]]
2025-01-09 15:31:15,635 - INFO - Classification Report:
              precision    recall  f1-score   support

           0       0.95      1.00      0.97      1000
           1       1.00      0.86      0.93       400

    accuracy                           0.96      1400
   macro avg       0.97      0.93      0.95      1400
weighted avg       0.96      0.96      0.96      1400

2025-01-09 15:31:15,846 - INFO - Confusion matrix plot saved at 'models/gradient_boosting_confusion_matrix.png'.
2025-01-09 15:31:16,045 - INFO - Precision-Recall curve plot saved at 'models/gradient_boosting_precision_recall_curve.png'.
2025-01-09 15:31:16,064 - ERROR - Error in adjusting threshold: index 1394 is out of bounds for axis 0 with size 1394
2025-01-09 15:31:16,064 - ERROR - Training pipeline failed: index 1394 is out of bounds for axis 0 with size 1394
2025-01-09 19:45:47,262 - INFO - GradientBoostingEnhancedTrainer initialized.
2025-01-09 19:45:47,312 - INFO - Data loaded successfully with shape: (7000, 44)
2025-01-09 19:45:47,312 - INFO - Columns after loading data: ['hour', 'dayofweek', 'month', 'day', 'weekofyear', 'is_authorized_subnet', 'accesscount', 'uniqueendpoints', 'role_Doctor', 'role_Nurse', 'role_Staff', 'http_method_GET', 'http_method_HEAD', 'http_method_OPTIONS', 'http_method_PATCH', 'http_method_POST', 'http_method_PUT', 'baseendpoint_/admin/settings', 'baseendpoint_/billing/invoices', 'baseendpoint_/inventory/items', 'baseendpoint_/patient/records', 'anomalous', 'logid', 'access_per_unique_endpoint', 'access_per_hour', 'is_peak_hour', 'is_weekend', 'average_access_per_user', 'endpoint_popularity', 'role_Doctor_non_peak_1', 'role_Nurse_non_peak_1', 'role_Staff_non_peak_1', 'http_method_GET_freq_settings', 'http_method_GET_freq_invoices', 'http_method_GET_freq_items', 'http_method_GET_freq_records', 'http_method_POST_freq_settings', 'http_method_POST_freq_invoices', 'http_method_POST_freq_items', 'http_method_POST_freq_records', 'http_method_PUT_freq_settings', 'http_method_PUT_freq_invoices', 'http_method_PUT_freq_items', 'http_method_PUT_freq_records']
2025-01-09 19:45:47,312 - INFO - Data validation passed.
2025-01-09 19:45:47,314 - INFO - Prepared feature matrix X and target vector y.
2025-01-09 19:45:47,314 - INFO - Columns after preparing features: ['hour', 'dayofweek', 'month', 'day', 'weekofyear', 'is_authorized_subnet', 'accesscount', 'uniqueendpoints', 'role_Doctor', 'role_Nurse', 'role_Staff', 'http_method_GET', 'http_method_HEAD', 'http_method_OPTIONS', 'http_method_PATCH', 'http_method_POST', 'http_method_PUT', 'baseendpoint_/admin/settings', 'baseendpoint_/billing/invoices', 'baseendpoint_/inventory/items', 'baseendpoint_/patient/records', 'access_per_unique_endpoint', 'access_per_hour', 'is_peak_hour', 'is_weekend', 'average_access_per_user', 'endpoint_popularity', 'role_Doctor_non_peak_1', 'role_Nurse_non_peak_1', 'role_Staff_non_peak_1', 'http_method_GET_freq_settings', 'http_method_GET_freq_invoices', 'http_method_GET_freq_items', 'http_method_GET_freq_records', 'http_method_POST_freq_settings', 'http_method_POST_freq_invoices', 'http_method_POST_freq_items', 'http_method_POST_freq_records', 'http_method_PUT_freq_settings', 'http_method_PUT_freq_invoices', 'http_method_PUT_freq_items', 'http_method_PUT_freq_records']
2025-01-09 19:45:47,321 - INFO - Data split into train and test sets with test size 0.2.
2025-01-09 19:45:47,372 - INFO - Applied SMOTE to balance the training data.
2025-01-09 19:45:47,679 - INFO - Using categorical units to plot a list of strings that are all parsable as floats or dates. If these strings should be plotted as numbers, cast to the appropriate data type before plotting.
2025-01-09 19:45:47,685 - INFO - Using categorical units to plot a list of strings that are all parsable as floats or dates. If these strings should be plotted as numbers, cast to the appropriate data type before plotting.
2025-01-09 19:45:47,769 - INFO - SMOTE distribution plot saved at 'models/gradient_boosting_smote_distribution.png'.
2025-01-09 19:49:53,288 - INFO - Gradient Boosting best parameters: {'learning_rate': np.float64(0.06056626441144752), 'max_depth': 3, 'min_samples_leaf': 4, 'min_samples_split': 8, 'n_estimators': 437, 'subsample': np.float64(0.918855052953664)}
2025-01-09 19:49:53,288 - INFO - Gradient Boosting model trained via hyperparameter tuning.
2025-01-09 19:49:53,327 - INFO - Accuracy: 0.9614
2025-01-09 19:49:53,327 - INFO - Precision: 1.0000
2025-01-09 19:49:53,328 - INFO - Recall: 0.8650
2025-01-09 19:49:53,328 - INFO - F1-Score: 0.9276
2025-01-09 19:49:53,328 - INFO - ROC-AUC: 0.9813
2025-01-09 19:49:53,328 - INFO - Confusion Matrix:
[[1000    0]
 [  54  346]]
2025-01-09 19:49:53,328 - INFO - Classification Report:
              precision    recall  f1-score   support

           0       0.95      1.00      0.97      1000
           1       1.00      0.86      0.93       400

    accuracy                           0.96      1400
   macro avg       0.97      0.93      0.95      1400
weighted avg       0.96      0.96      0.96      1400

2025-01-09 19:49:53,535 - INFO - Confusion matrix plot saved at 'models/gradient_boosting_confusion_matrix.png'.
2025-01-09 19:49:53,705 - INFO - Precision-Recall curve plot saved at 'models/gradient_boosting_precision_recall_curve.png'.
2025-01-09 19:49:53,720 - ERROR - Error in adjusting threshold: index 1394 is out of bounds for axis 0 with size 1394
2025-01-09 19:49:53,721 - ERROR - Training pipeline failed: index 1394 is out of bounds for axis 0 with size 1394
2025-01-09 20:01:36,476 - INFO - GradientBoostingEnhancedTrainer initialized.
2025-01-09 20:01:36,507 - INFO - Data loaded successfully with shape: (7000, 44)
2025-01-09 20:01:36,507 - INFO - Columns after loading data: ['hour', 'dayofweek', 'month', 'day', 'weekofyear', 'is_authorized_subnet', 'accesscount', 'uniqueendpoints', 'role_Doctor', 'role_Nurse', 'role_Staff', 'http_method_GET', 'http_method_HEAD', 'http_method_OPTIONS', 'http_method_PATCH', 'http_method_POST', 'http_method_PUT', 'baseendpoint_/admin/settings', 'baseendpoint_/billing/invoices', 'baseendpoint_/inventory/items', 'baseendpoint_/patient/records', 'anomalous', 'logid', 'access_per_unique_endpoint', 'access_per_hour', 'is_peak_hour', 'is_weekend', 'average_access_per_user', 'endpoint_popularity', 'role_Doctor_non_peak_1', 'role_Nurse_non_peak_1', 'role_Staff_non_peak_1', 'http_method_GET_freq_settings', 'http_method_GET_freq_invoices', 'http_method_GET_freq_items', 'http_method_GET_freq_records', 'http_method_POST_freq_settings', 'http_method_POST_freq_invoices', 'http_method_POST_freq_items', 'http_method_POST_freq_records', 'http_method_PUT_freq_settings', 'http_method_PUT_freq_invoices', 'http_method_PUT_freq_items', 'http_method_PUT_freq_records']
2025-01-09 20:01:36,508 - INFO - Data validation passed.
2025-01-09 20:01:36,510 - INFO - Prepared feature matrix X and target vector y.
2025-01-09 20:01:36,510 - INFO - Columns after preparing features: ['hour', 'dayofweek', 'month', 'day', 'weekofyear', 'is_authorized_subnet', 'accesscount', 'uniqueendpoints', 'role_Doctor', 'role_Nurse', 'role_Staff', 'http_method_GET', 'http_method_HEAD', 'http_method_OPTIONS', 'http_method_PATCH', 'http_method_POST', 'http_method_PUT', 'baseendpoint_/admin/settings', 'baseendpoint_/billing/invoices', 'baseendpoint_/inventory/items', 'baseendpoint_/patient/records', 'access_per_unique_endpoint', 'access_per_hour', 'is_peak_hour', 'is_weekend', 'average_access_per_user', 'endpoint_popularity', 'role_Doctor_non_peak_1', 'role_Nurse_non_peak_1', 'role_Staff_non_peak_1', 'http_method_GET_freq_settings', 'http_method_GET_freq_invoices', 'http_method_GET_freq_items', 'http_method_GET_freq_records', 'http_method_POST_freq_settings', 'http_method_POST_freq_invoices', 'http_method_POST_freq_items', 'http_method_POST_freq_records', 'http_method_PUT_freq_settings', 'http_method_PUT_freq_invoices', 'http_method_PUT_freq_items', 'http_method_PUT_freq_records']
2025-01-09 20:01:36,516 - INFO - Data split into train and test sets with test size 0.2.
2025-01-09 20:01:36,575 - INFO - Applied SMOTE to balance the training data.
2025-01-09 20:01:36,873 - INFO - Using categorical units to plot a list of strings that are all parsable as floats or dates. If these strings should be plotted as numbers, cast to the appropriate data type before plotting.
2025-01-09 20:01:36,879 - INFO - Using categorical units to plot a list of strings that are all parsable as floats or dates. If these strings should be plotted as numbers, cast to the appropriate data type before plotting.
2025-01-09 20:01:36,958 - INFO - SMOTE distribution plot saved at 'models/gradient_boosting_smote_distribution.png'.
2025-01-09 20:05:20,606 - INFO - Gradient Boosting best parameters: {'learning_rate': np.float64(0.06056626441144752), 'max_depth': 3, 'min_samples_leaf': 4, 'min_samples_split': 8, 'n_estimators': 437, 'subsample': np.float64(0.918855052953664)}
2025-01-09 20:05:20,607 - INFO - Gradient Boosting model trained via hyperparameter tuning.
2025-01-09 20:05:20,708 - INFO - Accuracy: 0.9614
2025-01-09 20:05:20,708 - INFO - Precision: 1.0000
2025-01-09 20:05:20,709 - INFO - Recall: 0.8650
2025-01-09 20:05:20,709 - INFO - F1-Score: 0.9276
2025-01-09 20:05:20,709 - INFO - ROC-AUC: 0.9813
2025-01-09 20:05:20,709 - INFO - Confusion Matrix:
[[1000    0]
 [  54  346]]
2025-01-09 20:05:20,709 - INFO - Classification Report:
              precision    recall  f1-score   support

           0       0.95      1.00      0.97      1000
           1       1.00      0.86      0.93       400

    accuracy                           0.96      1400
   macro avg       0.97      0.93      0.95      1400
weighted avg       0.96      0.96      0.96      1400

2025-01-09 20:05:21,003 - INFO - Confusion matrix plot saved at 'models/gradient_boosting_confusion_matrix.png'.
2025-01-09 20:05:21,244 - INFO - Precision-Recall curve plot saved at 'models/gradient_boosting_precision_recall_curve.png'.
2025-01-09 20:05:21,264 - ERROR - Error in adjusting threshold: index 1394 is out of bounds for axis 0 with size 1394
2025-01-09 20:05:21,264 - ERROR - Training pipeline failed: index 1394 is out of bounds for axis 0 with size 1394
