2025-01-09 14:25:46,511 - INFO - RandomForestTrainer initialized.
2025-01-09 14:25:46,549 - INFO - Data loaded successfully with shape: (7000, 44)
2025-01-09 14:25:46,549 - INFO - Columns after loading data: ['hour', 'dayofweek', 'month', 'day', 'weekofyear', 'is_authorized_subnet', 'accesscount', 'uniqueendpoints', 'role_Doctor', 'role_Nurse', 'role_Staff', 'http_method_GET', 'http_method_HEAD', 'http_method_OPTIONS', 'http_method_PATCH', 'http_method_POST', 'http_method_PUT', 'baseendpoint_/admin/settings', 'baseendpoint_/billing/invoices', 'baseendpoint_/inventory/items', 'baseendpoint_/patient/records', 'anomalous', 'logid', 'access_per_unique_endpoint', 'access_per_hour', 'is_peak_hour', 'is_weekend', 'average_access_per_user', 'endpoint_popularity', 'role_Doctor_non_peak_1', 'role_Nurse_non_peak_1', 'role_Staff_non_peak_1', 'http_method_GET_freq_settings', 'http_method_GET_freq_invoices', 'http_method_GET_freq_items', 'http_method_GET_freq_records', 'http_method_POST_freq_settings', 'http_method_POST_freq_invoices', 'http_method_POST_freq_items', 'http_method_POST_freq_records', 'http_method_PUT_freq_settings', 'http_method_PUT_freq_invoices', 'http_method_PUT_freq_items', 'http_method_PUT_freq_records']
2025-01-09 14:25:46,549 - INFO - Data validation passed.
2025-01-09 14:25:46,550 - INFO - Prepared feature matrix X and target vector y.
2025-01-09 14:25:46,550 - INFO - Columns after preparing features: ['hour', 'dayofweek', 'month', 'day', 'weekofyear', 'is_authorized_subnet', 'accesscount', 'uniqueendpoints', 'role_Doctor', 'role_Nurse', 'role_Staff', 'http_method_GET', 'http_method_HEAD', 'http_method_OPTIONS', 'http_method_PATCH', 'http_method_POST', 'http_method_PUT', 'baseendpoint_/admin/settings', 'baseendpoint_/billing/invoices', 'baseendpoint_/inventory/items', 'baseendpoint_/patient/records', 'access_per_unique_endpoint', 'access_per_hour', 'is_peak_hour', 'is_weekend', 'average_access_per_user', 'endpoint_popularity', 'role_Doctor_non_peak_1', 'role_Nurse_non_peak_1', 'role_Staff_non_peak_1', 'http_method_GET_freq_settings', 'http_method_GET_freq_invoices', 'http_method_GET_freq_items', 'http_method_GET_freq_records', 'http_method_POST_freq_settings', 'http_method_POST_freq_invoices', 'http_method_POST_freq_items', 'http_method_POST_freq_records', 'http_method_PUT_freq_settings', 'http_method_PUT_freq_invoices', 'http_method_PUT_freq_items', 'http_method_PUT_freq_records']
2025-01-09 14:25:46,557 - INFO - Data split into train and test sets with test size 0.2.
2025-01-09 14:25:46,920 - INFO - Random Forest model trained with n_estimators=100, max_depth=None.
2025-01-09 14:25:47,008 - INFO - Accuracy: 0.9521
2025-01-09 14:25:47,008 - INFO - Precision: 0.9771
2025-01-09 14:25:47,008 - INFO - Recall: 0.8525
2025-01-09 14:25:47,008 - INFO - F1-Score: 0.9105
2025-01-09 14:25:47,008 - INFO - ROC-AUC: 0.9824
2025-01-09 14:25:47,008 - INFO - Confusion Matrix:
[[992   8]
 [ 59 341]]
2025-01-09 14:25:47,009 - INFO - Classification Report:
              precision    recall  f1-score   support

           0       0.94      0.99      0.97      1000
           1       0.98      0.85      0.91       400

    accuracy                           0.95      1400
   macro avg       0.96      0.92      0.94      1400
weighted avg       0.95      0.95      0.95      1400

2025-01-09 14:25:47,055 - INFO - Random Forest model saved successfully at 'models/random_forest_model.joblib'.
2025-01-09 14:25:47,086 - INFO - Predictions saved successfully at 'data/random_forest_predictions.csv'.
2025-01-09 14:25:47,087 - INFO - Random Forest training pipeline completed successfully.
